This file contains any messages produced by compilers while
running configure, to aid debugging if configure makes a mistake.

It was created by sqlite configure 3.7.15.1, which was
generated by GNU Autoconf 2.68.  Invocation command line was

  $ ./configure --enable-readline=no

## --------- ##
## Platform. ##
## --------- ##

hostname = Samsung
uname -m = i686
uname -r = 3.2.0-35-generic-pae
uname -s = Linux
uname -v = #55-Ubuntu SMP Wed Dec 5 18:04:39 UTC 2012

/usr/bin/uname -p = unknown
/bin/uname -X     = unknown

/bin/arch              = unknown
/usr/bin/arch -k       = unknown
/usr/convex/getsysinfo = unknown
/usr/bin/hostinfo      = unknown
/bin/machine           = unknown
/usr/bin/oslevel       = unknown
/bin/universe          = unknown

PATH: ~/tizen_sdk/SDK/sdb
PATH: /usr/lib/lightdm/lightdm
PATH: /usr/local/sbin
PATH: /usr/local/bin
PATH: /usr/sbin
PATH: /usr/bin
PATH: /sbin
PATH: /bin
PATH: /usr/games
PATH: /home/vlad/tizen_sdk/SDK/sdb
PATH: /home/vlad/tizen_sdk/SDK/build-system/bin
PATH: /home/vlad/tizen_sdk/SDK/sdb
PATH: /home/vlad/tizen_sdk/SDK/build-system/bin


## ----------- ##
## Core tests. ##
## ----------- ##

configure:2194: checking for a BSD-compatible install
configure:2262: result: /usr/bin/install -c
configure:2273: checking whether build environment is sane
configure:2323: result: yes
configure:2464: checking for a thread-safe mkdir -p
configure:2503: result: /bin/mkdir -p
configure:2516: checking for gawk
configure:2546: result: no
configure:2516: checking for mawk
configure:2532: found /usr/bin/mawk
configure:2543: result: mawk
configure:2554: checking whether make sets $(MAKE)
configure:2576: result: yes
configure:2669: checking for style of include used by make
configure:2697: result: GNU
configure:2768: checking for gcc
configure:2795: result: /home/additional_disk/emc/emscripten/emcc
configure:3024: checking for C compiler version
configure:3033: /home/additional_disk/emc/emscripten/emcc --version >&5
emcc (Emscripten GCC-like replacement) 2.0
Copyright (C) 2012 the Emscripten authors.
This is free and open source software under the MIT license.
There is NO warranty; not even for MERCHANTABILITY or FITNESS FOR A PARTICULAR PURPOSE.
  
configure:3044: $? = 0
configure:3033: /home/additional_disk/emc/emscripten/emcc -v >&5
emcc (Emscripten GCC-like replacement + linker emulating GNU ld ) 2.0
clang version 3.0 (tags/RELEASE_30/final)
Target: i386-pc-linux-gnu
Thread model: posix
configure:3044: $? = 0
configure:3033: /home/additional_disk/emc/emscripten/emcc -V >&5
clang: error: unsupported option '-V -nostdinc'
clang: error: no input files
configure:3044: $? = 1
configure:3033: /home/additional_disk/emc/emscripten/emcc -qversion >&5
clang: error: no input files
configure:3044: $? = 1
configure:3064: checking whether the C compiler works
configure:3086: /home/additional_disk/emc/emscripten/emcc    conftest.c  >&5
configure:3090: $? = 0
configure:3138: result: yes
configure:3141: checking for C compiler default output file name
configure:3143: result: a.out
configure:3149: checking for suffix of executables
configure:3156: /home/additional_disk/emc/emscripten/emcc -o conftest    conftest.c  >&5
configure:3160: $? = 0
configure:3182: result: 
configure:3204: checking whether we are cross compiling
configure:3212: /home/additional_disk/emc/emscripten/emcc -o conftest    conftest.c  >&5
configure:3216: $? = 0
configure:3223: ./conftest
configure:3227: $? = 0
configure:3242: result: no
configure:3247: checking for suffix of object files
configure:3269: /home/additional_disk/emc/emscripten/emcc -c   conftest.c >&5
configure:3273: $? = 0
configure:3294: result: o
configure:3298: checking whether we are using the GNU C compiler
configure:3317: /home/additional_disk/emc/emscripten/emcc -c   conftest.c >&5
configure:3317: $? = 0
configure:3326: result: yes
configure:3335: checking whether /home/additional_disk/emc/emscripten/emcc accepts -g
configure:3355: /home/additional_disk/emc/emscripten/emcc -c -g  conftest.c >&5
configure:3355: $? = 0
configure:3396: result: yes
configure:3413: checking for /home/additional_disk/emc/emscripten/emcc option to accept ISO C89
configure:3477: /home/additional_disk/emc/emscripten/emcc  -c   conftest.c >&5
configure:3477: $? = 0
configure:3490: result: none needed
configure:3512: checking dependency style of /home/additional_disk/emc/emscripten/emcc
configure:3623: result: gcc3
configure:3646: checking for special C compiler options needed for large files
configure:3691: result: no
configure:3697: checking for _FILE_OFFSET_BITS value needed for large files
configure:3722: /home/additional_disk/emc/emscripten/emcc -c   conftest.c >&5
conftest.c:17:23: warning: shift count >= width of type [-Wshift-count-overflow]
  int off_t_is_large[(LARGE_OFF_T % 2147483629 == 721
                      ^~~~~~~~~~~
conftest.c:16:33: note: expanded from:
#define LARGE_OFF_T (((off_t) 1 << 62) - 1 + ((off_t) 1 << 62))
                                ^  ~~
conftest.c:17:23: warning: shift count >= width of type [-Wshift-count-overflow]
  int off_t_is_large[(LARGE_OFF_T % 2147483629 == 721
                      ^~~~~~~~~~~
conftest.c:16:57: note: expanded from:
#define LARGE_OFF_T (((off_t) 1 << 62) - 1 + ((off_t) 1 << 62))
                                                        ^  ~~
conftest.c:18:13: warning: shift count >= width of type [-Wshift-count-overflow]
                       && LARGE_OFF_T % 2147483647 == 1)
                          ^~~~~~~~~~~
conftest.c:16:33: note: expanded from:
#define LARGE_OFF_T (((off_t) 1 << 62) - 1 + ((off_t) 1 << 62))
                                ^  ~~
conftest.c:18:13: warning: shift count >= width of type [-Wshift-count-overflow]
                       && LARGE_OFF_T % 2147483647 == 1)
                          ^~~~~~~~~~~
conftest.c:16:57: note: expanded from:
#define LARGE_OFF_T (((off_t) 1 << 62) - 1 + ((off_t) 1 << 62))
                                                        ^  ~~
conftest.c:17:22: error: 'off_t_is_large' declared as an array with a negative size
  int off_t_is_large[(LARGE_OFF_T % 2147483629 == 721
                     ^~~~~~~~~~~~~~~~~~~~~~~~~~~~~~~~
4 warnings and 1 error generated.
configure:3722: $? = 1
configure: failed program was:
| /* confdefs.h */
| #define PACKAGE_NAME "sqlite"
| #define PACKAGE_TARNAME "sqlite"
| #define PACKAGE_VERSION "3.7.15.1"
| #define PACKAGE_STRING "sqlite 3.7.15.1"
| #define PACKAGE_BUGREPORT "http://www.sqlite.org"
| #define PACKAGE_URL ""
| #define PACKAGE "sqlite"
| #define VERSION "3.7.15.1"
| /* end confdefs.h.  */
| #include <sys/types.h>
|  /* Check that off_t can represent 2**63 - 1 correctly.
|     We can't simply define LARGE_OFF_T to be 9223372036854775807,
|     since some C++ compilers masquerading as C compilers
|     incorrectly reject 9223372036854775807.  */
| #define LARGE_OFF_T (((off_t) 1 << 62) - 1 + ((off_t) 1 << 62))
|   int off_t_is_large[(LARGE_OFF_T % 2147483629 == 721
| 		       && LARGE_OFF_T % 2147483647 == 1)
| 		      ? 1 : -1];
| int
| main ()
| {
| 
|   ;
|   return 0;
| }
configure:3746: /home/additional_disk/emc/emscripten/emcc -c   conftest.c >&5
conftest.c:18:23: warning: shift count >= width of type [-Wshift-count-overflow]
  int off_t_is_large[(LARGE_OFF_T % 2147483629 == 721
                      ^~~~~~~~~~~
conftest.c:17:33: note: expanded from:
#define LARGE_OFF_T (((off_t) 1 << 62) - 1 + ((off_t) 1 << 62))
                                ^  ~~
conftest.c:18:23: warning: shift count >= width of type [-Wshift-count-overflow]
  int off_t_is_large[(LARGE_OFF_T % 2147483629 == 721
                      ^~~~~~~~~~~
conftest.c:17:57: note: expanded from:
#define LARGE_OFF_T (((off_t) 1 << 62) - 1 + ((off_t) 1 << 62))
                                                        ^  ~~
conftest.c:19:13: warning: shift count >= width of type [-Wshift-count-overflow]
                       && LARGE_OFF_T % 2147483647 == 1)
                          ^~~~~~~~~~~
conftest.c:17:33: note: expanded from:
#define LARGE_OFF_T (((off_t) 1 << 62) - 1 + ((off_t) 1 << 62))
                                ^  ~~
conftest.c:19:13: warning: shift count >= width of type [-Wshift-count-overflow]
                       && LARGE_OFF_T % 2147483647 == 1)
                          ^~~~~~~~~~~
conftest.c:17:57: note: expanded from:
#define LARGE_OFF_T (((off_t) 1 << 62) - 1 + ((off_t) 1 << 62))
                                                        ^  ~~
conftest.c:18:22: error: 'off_t_is_large' declared as an array with a negative size
  int off_t_is_large[(LARGE_OFF_T % 2147483629 == 721
                     ^~~~~~~~~~~~~~~~~~~~~~~~~~~~~~~~
4 warnings and 1 error generated.
configure:3746: $? = 1
configure: failed program was:
| /* confdefs.h */
| #define PACKAGE_NAME "sqlite"
| #define PACKAGE_TARNAME "sqlite"
| #define PACKAGE_VERSION "3.7.15.1"
| #define PACKAGE_STRING "sqlite 3.7.15.1"
| #define PACKAGE_BUGREPORT "http://www.sqlite.org"
| #define PACKAGE_URL ""
| #define PACKAGE "sqlite"
| #define VERSION "3.7.15.1"
| /* end confdefs.h.  */
| #define _FILE_OFFSET_BITS 64
| #include <sys/types.h>
|  /* Check that off_t can represent 2**63 - 1 correctly.
|     We can't simply define LARGE_OFF_T to be 9223372036854775807,
|     since some C++ compilers masquerading as C compilers
|     incorrectly reject 9223372036854775807.  */
| #define LARGE_OFF_T (((off_t) 1 << 62) - 1 + ((off_t) 1 << 62))
|   int off_t_is_large[(LARGE_OFF_T % 2147483629 == 721
| 		       && LARGE_OFF_T % 2147483647 == 1)
| 		      ? 1 : -1];
| int
| main ()
| {
| 
|   ;
|   return 0;
| }
configure:3754: result: unknown
configure:3766: checking for _LARGE_FILES value needed for large files
configure:3791: /home/additional_disk/emc/emscripten/emcc -c   conftest.c >&5
conftest.c:17:23: warning: shift count >= width of type [-Wshift-count-overflow]
  int off_t_is_large[(LARGE_OFF_T % 2147483629 == 721
                      ^~~~~~~~~~~
conftest.c:16:33: note: expanded from:
#define LARGE_OFF_T (((off_t) 1 << 62) - 1 + ((off_t) 1 << 62))
                                ^  ~~
conftest.c:17:23: warning: shift count >= width of type [-Wshift-count-overflow]
  int off_t_is_large[(LARGE_OFF_T % 2147483629 == 721
                      ^~~~~~~~~~~
conftest.c:16:57: note: expanded from:
#define LARGE_OFF_T (((off_t) 1 << 62) - 1 + ((off_t) 1 << 62))
                                                        ^  ~~
conftest.c:18:13: warning: shift count >= width of type [-Wshift-count-overflow]
                       && LARGE_OFF_T % 2147483647 == 1)
                          ^~~~~~~~~~~
conftest.c:16:33: note: expanded from:
#define LARGE_OFF_T (((off_t) 1 << 62) - 1 + ((off_t) 1 << 62))
                                ^  ~~
conftest.c:18:13: warning: shift count >= width of type [-Wshift-count-overflow]
                       && LARGE_OFF_T % 2147483647 == 1)
                          ^~~~~~~~~~~
conftest.c:16:57: note: expanded from:
#define LARGE_OFF_T (((off_t) 1 << 62) - 1 + ((off_t) 1 << 62))
                                                        ^  ~~
conftest.c:17:22: error: 'off_t_is_large' declared as an array with a negative size
  int off_t_is_large[(LARGE_OFF_T % 2147483629 == 721
                     ^~~~~~~~~~~~~~~~~~~~~~~~~~~~~~~~
4 warnings and 1 error generated.
configure:3791: $? = 1
configure: failed program was:
| /* confdefs.h */
| #define PACKAGE_NAME "sqlite"
| #define PACKAGE_TARNAME "sqlite"
| #define PACKAGE_VERSION "3.7.15.1"
| #define PACKAGE_STRING "sqlite 3.7.15.1"
| #define PACKAGE_BUGREPORT "http://www.sqlite.org"
| #define PACKAGE_URL ""
| #define PACKAGE "sqlite"
| #define VERSION "3.7.15.1"
| /* end confdefs.h.  */
| #include <sys/types.h>
|  /* Check that off_t can represent 2**63 - 1 correctly.
|     We can't simply define LARGE_OFF_T to be 9223372036854775807,
|     since some C++ compilers masquerading as C compilers
|     incorrectly reject 9223372036854775807.  */
| #define LARGE_OFF_T (((off_t) 1 << 62) - 1 + ((off_t) 1 << 62))
|   int off_t_is_large[(LARGE_OFF_T % 2147483629 == 721
| 		       && LARGE_OFF_T % 2147483647 == 1)
| 		      ? 1 : -1];
| int
| main ()
| {
| 
|   ;
|   return 0;
| }
configure:3815: /home/additional_disk/emc/emscripten/emcc -c   conftest.c >&5
conftest.c:18:23: warning: shift count >= width of type [-Wshift-count-overflow]
  int off_t_is_large[(LARGE_OFF_T % 2147483629 == 721
                      ^~~~~~~~~~~
conftest.c:17:33: note: expanded from:
#define LARGE_OFF_T (((off_t) 1 << 62) - 1 + ((off_t) 1 << 62))
                                ^  ~~
conftest.c:18:23: warning: shift count >= width of type [-Wshift-count-overflow]
  int off_t_is_large[(LARGE_OFF_T % 2147483629 == 721
                      ^~~~~~~~~~~
conftest.c:17:57: note: expanded from:
#define LARGE_OFF_T (((off_t) 1 << 62) - 1 + ((off_t) 1 << 62))
                                                        ^  ~~
conftest.c:19:13: warning: shift count >= width of type [-Wshift-count-overflow]
                       && LARGE_OFF_T % 2147483647 == 1)
                          ^~~~~~~~~~~
conftest.c:17:33: note: expanded from:
#define LARGE_OFF_T (((off_t) 1 << 62) - 1 + ((off_t) 1 << 62))
                                ^  ~~
conftest.c:19:13: warning: shift count >= width of type [-Wshift-count-overflow]
                       && LARGE_OFF_T % 2147483647 == 1)
                          ^~~~~~~~~~~
conftest.c:17:57: note: expanded from:
#define LARGE_OFF_T (((off_t) 1 << 62) - 1 + ((off_t) 1 << 62))
                                                        ^  ~~
conftest.c:18:22: error: 'off_t_is_large' declared as an array with a negative size
  int off_t_is_large[(LARGE_OFF_T % 2147483629 == 721
                     ^~~~~~~~~~~~~~~~~~~~~~~~~~~~~~~~
4 warnings and 1 error generated.
configure:3815: $? = 1
configure: failed program was:
| /* confdefs.h */
| #define PACKAGE_NAME "sqlite"
| #define PACKAGE_TARNAME "sqlite"
| #define PACKAGE_VERSION "3.7.15.1"
| #define PACKAGE_STRING "sqlite 3.7.15.1"
| #define PACKAGE_BUGREPORT "http://www.sqlite.org"
| #define PACKAGE_URL ""
| #define PACKAGE "sqlite"
| #define VERSION "3.7.15.1"
| /* end confdefs.h.  */
| #define _LARGE_FILES 1
| #include <sys/types.h>
|  /* Check that off_t can represent 2**63 - 1 correctly.
|     We can't simply define LARGE_OFF_T to be 9223372036854775807,
|     since some C++ compilers masquerading as C compilers
|     incorrectly reject 9223372036854775807.  */
| #define LARGE_OFF_T (((off_t) 1 << 62) - 1 + ((off_t) 1 << 62))
|   int off_t_is_large[(LARGE_OFF_T % 2147483629 == 721
| 		       && LARGE_OFF_T % 2147483647 == 1)
| 		      ? 1 : -1];
| int
| main ()
| {
| 
|   ;
|   return 0;
| }
configure:3823: result: unknown
configure:3887: checking for gcc
configure:3914: result: /home/additional_disk/emc/emscripten/emcc
configure:4143: checking for C compiler version
configure:4152: /home/additional_disk/emc/emscripten/emcc --version >&5
emcc (Emscripten GCC-like replacement) 2.0
Copyright (C) 2012 the Emscripten authors.
This is free and open source software under the MIT license.
There is NO warranty; not even for MERCHANTABILITY or FITNESS FOR A PARTICULAR PURPOSE.
  
configure:4163: $? = 0
configure:4152: /home/additional_disk/emc/emscripten/emcc -v >&5
emcc (Emscripten GCC-like replacement + linker emulating GNU ld ) 2.0
clang version 3.0 (tags/RELEASE_30/final)
Target: i386-pc-linux-gnu
Thread model: posix
configure:4163: $? = 0
configure:4152: /home/additional_disk/emc/emscripten/emcc -V >&5
clang: error: unsupported option '-V -nostdinc'
clang: error: no input files
configure:4163: $? = 1
configure:4152: /home/additional_disk/emc/emscripten/emcc -qversion >&5
clang: error: no input files
configure:4163: $? = 1
configure:4167: checking whether we are using the GNU C compiler
configure:4195: result: yes
configure:4204: checking whether /home/additional_disk/emc/emscripten/emcc accepts -g
configure:4265: result: yes
configure:4282: checking for /home/additional_disk/emc/emscripten/emcc option to accept ISO C89
configure:4359: result: none needed
configure:4381: checking dependency style of /home/additional_disk/emc/emscripten/emcc
configure:4492: result: gcc3
configure:4550: checking for ranlib
configure:4577: result: /home/additional_disk/emc/emscripten/emranlib
configure:4628: checking build system type
configure:4642: result: i686-pc-linux-gnu
configure:4662: checking host system type
configure:4675: result: i686-pc-linux-gnu
configure:4716: checking how to print strings
configure:4743: result: printf
configure:4764: checking for a sed that does not truncate output
configure:4828: result: /bin/sed
configure:4846: checking for grep that handles long lines and -e
configure:4904: result: /bin/grep
configure:4909: checking for egrep
configure:4971: result: /bin/grep -E
configure:4976: checking for fgrep
configure:5038: result: /bin/grep -F
configure:5073: checking for ld used by /home/additional_disk/emc/emscripten/emcc
configure:5140: result: /home/additional_disk/emc/emscripten/emcc
configure:5147: checking if the linker (/home/additional_disk/emc/emscripten/emcc) is GNU ld
configure:5162: result: yes
configure:5174: checking for BSD- or MS-compatible name lister (nm)
configure:5223: result: /usr/bin/nm -B
configure:5353: checking the name lister (/usr/bin/nm -B) interface
configure:5360: /home/additional_disk/emc/emscripten/emcc -c   conftest.c >&5
configure:5363: /usr/bin/nm -B "conftest.o"
configure:5366: output
00000000 B some_variable
configure:5373: result: BSD nm
configure:5376: checking whether ln -s works
configure:5380: result: yes
configure:5388: checking the maximum length of command line arguments
configure:5518: result: 1572864
configure:5535: checking whether the shell understands some XSI constructs
configure:5545: result: yes
configure:5549: checking whether the shell understands "+="
configure:5555: result: yes
configure:5590: checking how to convert i686-pc-linux-gnu file names to i686-pc-linux-gnu format
configure:5630: result: func_convert_file_noop
configure:5637: checking how to convert i686-pc-linux-gnu file names to toolchain format
configure:5657: result: func_convert_file_noop
configure:5664: checking for /home/additional_disk/emc/emscripten/emcc option to reload object files
configure:5671: result: -r
configure:5745: checking for objdump
configure:5761: found /usr/bin/objdump
configure:5772: result: objdump
configure:5804: checking how to recognize dependent libraries
configure:6006: result: pass_all
configure:6091: checking for dlltool
configure:6121: result: no
configure:6151: checking how to associate runtime and link libraries
configure:6178: result: printf %s\n
configure:6302: checking for archiver @FILE support
configure:6319: /home/additional_disk/emc/emscripten/emcc -c   conftest.c >&5
configure:6319: $? = 0
configure:6322: /home/additional_disk/emc/emscripten/emar cru libconftest.a @conftest.lst >&5
/home/additional_disk/emc/clang+llvm-3.0-i386-linux-Ubuntu-11_10/bin/llvm-ar: File does not exist: @conftest.lst
configure:6325: $? = 0
configure:6330: /home/additional_disk/emc/emscripten/emar cru libconftest.a @conftest.lst >&5
/home/additional_disk/emc/clang+llvm-3.0-i386-linux-Ubuntu-11_10/bin/llvm-ar: File does not exist: @conftest.lst
configure:6333: $? = 0
configure:6345: result: no
configure:6403: checking for strip
configure:6419: found /usr/bin/strip
configure:6430: result: strip
configure:6502: checking for ranlib
configure:6529: result: /home/additional_disk/emc/emscripten/emranlib
configure:6631: checking command to parse /usr/bin/nm -B output from /home/additional_disk/emc/emscripten/emcc object
configure:6751: /home/additional_disk/emc/emscripten/emcc -c   conftest.c >&5
configure:6754: $? = 0
configure:6758: /usr/bin/nm -B conftest.o \| sed -n -e 's/^.*[ ]\([ABCDGIRSTW][ABCDGIRSTW]*\)[ ][ ]*\([_A-Za-z][_A-Za-z0-9]*\)$/\1 \2 \2/p' | sed '/ __gnu_lto/d' \> conftest.nm
configure:6761: $? = 0
configure:6827: /home/additional_disk/emc/emscripten/emcc -o conftest    conftest.c conftstm.o >&5
configure:6830: $? = 0
configure:6868: result: ok
configure:6905: checking for sysroot
configure:6935: result: no
configure:7191: checking for mt
configure:7207: found /bin/mt
configure:7218: result: mt
configure:7241: checking if mt is a manifest tool
configure:7247: mt '-?'
configure:7255: result: no
configure:7897: checking how to run the C preprocessor
configure:7928: /home/additional_disk/emc/emscripten/emcc -E  conftest.c
configure:7928: $? = 0
configure:7942: /home/additional_disk/emc/emscripten/emcc -E  conftest.c
conftest.c:11:10: fatal error: 'ac_nonexistent.h' file not found
#include <ac_nonexistent.h>
         ^
1 error generated.
configure:7942: $? = 1
configure: failed program was:
| /* confdefs.h */
| #define PACKAGE_NAME "sqlite"
| #define PACKAGE_TARNAME "sqlite"
| #define PACKAGE_VERSION "3.7.15.1"
| #define PACKAGE_STRING "sqlite 3.7.15.1"
| #define PACKAGE_BUGREPORT "http://www.sqlite.org"
| #define PACKAGE_URL ""
| #define PACKAGE "sqlite"
| #define VERSION "3.7.15.1"
| /* end confdefs.h.  */
| #include <ac_nonexistent.h>
configure:7967: result: /home/additional_disk/emc/emscripten/emcc -E
configure:7987: /home/additional_disk/emc/emscripten/emcc -E  conftest.c
configure:7987: $? = 0
configure:8001: /home/additional_disk/emc/emscripten/emcc -E  conftest.c
conftest.c:11:10: fatal error: 'ac_nonexistent.h' file not found
#include <ac_nonexistent.h>
         ^
1 error generated.
configure:8001: $? = 1
configure: failed program was:
| /* confdefs.h */
| #define PACKAGE_NAME "sqlite"
| #define PACKAGE_TARNAME "sqlite"
| #define PACKAGE_VERSION "3.7.15.1"
| #define PACKAGE_STRING "sqlite 3.7.15.1"
| #define PACKAGE_BUGREPORT "http://www.sqlite.org"
| #define PACKAGE_URL ""
| #define PACKAGE "sqlite"
| #define VERSION "3.7.15.1"
| /* end confdefs.h.  */
| #include <ac_nonexistent.h>
configure:8030: checking for ANSI C header files
configure:8050: /home/additional_disk/emc/emscripten/emcc -c   conftest.c >&5
configure:8050: $? = 0
configure:8123: /home/additional_disk/emc/emscripten/emcc -o conftest    conftest.c  >&5
configure:8123: $? = 0
configure:8123: ./conftest
configure:8123: $? = 0
configure:8134: result: yes
configure:8147: checking for sys/types.h
configure:8147: /home/additional_disk/emc/emscripten/emcc -c   conftest.c >&5
configure:8147: $? = 0
configure:8147: result: yes
configure:8147: checking for sys/stat.h
configure:8147: /home/additional_disk/emc/emscripten/emcc -c   conftest.c >&5
configure:8147: $? = 0
configure:8147: result: yes
configure:8147: checking for stdlib.h
configure:8147: /home/additional_disk/emc/emscripten/emcc -c   conftest.c >&5
configure:8147: $? = 0
configure:8147: result: yes
configure:8147: checking for string.h
configure:8147: /home/additional_disk/emc/emscripten/emcc -c   conftest.c >&5
configure:8147: $? = 0
configure:8147: result: yes
configure:8147: checking for memory.h
configure:8147: /home/additional_disk/emc/emscripten/emcc -c   conftest.c >&5
configure:8147: $? = 0
configure:8147: result: yes
configure:8147: checking for strings.h
configure:8147: /home/additional_disk/emc/emscripten/emcc -c   conftest.c >&5
configure:8147: $? = 0
configure:8147: result: yes
configure:8147: checking for inttypes.h
configure:8147: /home/additional_disk/emc/emscripten/emcc -c   conftest.c >&5
configure:8147: $? = 0
configure:8147: result: yes
configure:8147: checking for stdint.h
configure:8147: /home/additional_disk/emc/emscripten/emcc -c   conftest.c >&5
configure:8147: $? = 0
configure:8147: result: yes
configure:8147: checking for unistd.h
configure:8147: /home/additional_disk/emc/emscripten/emcc -c   conftest.c >&5
configure:8147: $? = 0
configure:8147: result: yes
configure:8161: checking for dlfcn.h
configure:8161: /home/additional_disk/emc/emscripten/emcc -c   conftest.c >&5
configure:8161: $? = 0
configure:8161: result: yes
configure:8367: checking for objdir
configure:8382: result: .libs
configure:8649: checking if /home/additional_disk/emc/emscripten/emcc supports -fno-rtti -fno-exceptions
configure:8667: /home/additional_disk/emc/emscripten/emcc -c   -fno-rtti -fno-exceptions conftest.c >&5
configure:8671: $? = 0
configure:8684: result: yes
configure:9011: checking for /home/additional_disk/emc/emscripten/emcc option to produce PIC
configure:9018: result: -fPIC -DPIC
configure:9026: checking if /home/additional_disk/emc/emscripten/emcc PIC flag -fPIC -DPIC works
configure:9044: /home/additional_disk/emc/emscripten/emcc -c   -fPIC -DPIC -DPIC conftest.c >&5
configure:9048: $? = 0
configure:9061: result: yes
configure:9090: checking if /home/additional_disk/emc/emscripten/emcc static flag -static works
configure:9118: result: yes
configure:9133: checking if /home/additional_disk/emc/emscripten/emcc supports -c -o file.o
configure:9154: /home/additional_disk/emc/emscripten/emcc -c   -o out/conftest2.o conftest.c >&5
configure:9158: $? = 0
configure:9180: result: yes
configure:9188: checking if /home/additional_disk/emc/emscripten/emcc supports -c -o file.o
configure:9235: result: yes
configure:9268: checking whether the /home/additional_disk/emc/emscripten/emcc linker (/home/additional_disk/emc/emscripten/emcc) supports shared libraries
configure:10425: result: yes
configure:10462: checking whether -lc should be explicitly linked in
configure:10470: /home/additional_disk/emc/emscripten/emcc -c   conftest.c >&5
configure:10473: $? = 0
configure:10488: /home/additional_disk/emc/emscripten/emcc -shared  -fPIC -DPIC conftest.o  -v -Wl,-soname -Wl,conftest -o conftest 2\>\&1 \| /bin/grep  -lc  \>/dev/null 2\>\&1
configure:10491: $? = 0
configure:10505: result: no
configure:10665: checking dynamic linker characteristics
configure:11176: /home/additional_disk/emc/emscripten/emcc -o conftest    -Wl,-rpath -Wl,/foo conftest.c  >&5
configure:11176: $? = 0
configure:11410: result: GNU/Linux ld.so
configure:11517: checking how to hardcode library paths into programs
configure:11542: result: immediate
configure:12082: checking whether stripping libraries is possible
configure:12087: result: yes
configure:12122: checking if libtool supports shared libraries
configure:12124: result: yes
configure:12127: checking whether to build shared libraries
configure:12148: result: yes
configure:12151: checking whether to build static libraries
configure:12155: result: yes
configure:12198: checking for fdatasync
configure:12198: /home/additional_disk/emc/emscripten/emcc -o conftest    conftest.c  >&5
configure:12198: $? = 0
configure:12198: result: yes
configure:12198: checking for usleep
configure:12198: /home/additional_disk/emc/emscripten/emcc -o conftest    conftest.c  >&5
configure:12198: $? = 0
configure:12198: result: yes
configure:12198: checking for fullfsync
configure:12198: /home/additional_disk/emc/emscripten/emcc -o conftest    conftest.c  >&5
/tmp/conftest-32g9bE.o: In function `main':
conftest.c:(.text+0xe): undefined reference to `fullfsync'
clang: error: linker command failed with exit code 1 (use -v to see invocation)
configure:12198: $? = 1
configure: failed program was:
| /* confdefs.h */
| #define PACKAGE_NAME "sqlite"
| #define PACKAGE_TARNAME "sqlite"
| #define PACKAGE_VERSION "3.7.15.1"
| #define PACKAGE_STRING "sqlite 3.7.15.1"
| #define PACKAGE_BUGREPORT "http://www.sqlite.org"
| #define PACKAGE_URL ""
| #define PACKAGE "sqlite"
| #define VERSION "3.7.15.1"
| #define STDC_HEADERS 1
| #define HAVE_SYS_TYPES_H 1
| #define HAVE_SYS_STAT_H 1
| #define HAVE_STDLIB_H 1
| #define HAVE_STRING_H 1
| #define HAVE_MEMORY_H 1
| #define HAVE_STRINGS_H 1
| #define HAVE_INTTYPES_H 1
| #define HAVE_STDINT_H 1
| #define HAVE_UNISTD_H 1
| #define HAVE_DLFCN_H 1
| #define LT_OBJDIR ".libs/"
| #define HAVE_FDATASYNC 1
| #define HAVE_USLEEP 1
| /* end confdefs.h.  */
| /* Define fullfsync to an innocuous variant, in case <limits.h> declares fullfsync.
|    For example, HP-UX 11i <limits.h> declares gettimeofday.  */
| #define fullfsync innocuous_fullfsync
| 
| /* System header to define __stub macros and hopefully few prototypes,
|     which can conflict with char fullfsync (); below.
|     Prefer <limits.h> to <assert.h> if __STDC__ is defined, since
|     <limits.h> exists even on freestanding compilers.  */
| 
| #ifdef __STDC__
| # include <limits.h>
| #else
| # include <assert.h>
| #endif
| 
| #undef fullfsync
| 
| /* Override any GCC internal prototype to avoid an error.
|    Use char because int might match the return type of a GCC
|    builtin and then its argument prototype would still apply.  */
| #ifdef __cplusplus
| extern "C"
| #endif
| char fullfsync ();
| /* The GNU C library defines this for functions which it implements
|     to always fail with ENOSYS.  Some functions are actually named
|     something starting with __ and the normal name is an alias.  */
| #if defined __stub_fullfsync || defined __stub___fullfsync
| choke me
| #endif
| 
| int
| main ()
| {
| return fullfsync ();
|   ;
|   return 0;
| }
configure:12198: result: no
configure:12198: checking for localtime_r
configure:12198: /home/additional_disk/emc/emscripten/emcc -o conftest    conftest.c  >&5
configure:12198: $? = 0
configure:12198: result: yes
configure:12198: checking for gmtime_r
configure:12198: /home/additional_disk/emc/emscripten/emcc -o conftest    conftest.c  >&5
configure:12198: $? = 0
configure:12198: result: yes
configure:12207: checking whether strerror_r is declared
configure:12207: /home/additional_disk/emc/emscripten/emcc -c   conftest.c >&5
configure:12207: $? = 0
configure:12207: result: yes
configure:12220: checking for strerror_r
configure:12220: /home/additional_disk/emc/emscripten/emcc -o conftest    conftest.c  >&5
configure:12220: $? = 0
configure:12220: result: yes
configure:12229: checking whether strerror_r returns char *
configure:12253: /home/additional_disk/emc/emscripten/emcc -c   conftest.c >&5
configure:12253: $? = 0
configure:12291: result: yes
configure:12461: checking for library containing pthread_create
configure:12492: /home/additional_disk/emc/emscripten/emcc -o conftest    conftest.c  >&5
/tmp/conftest-986nVB.o: In function `main':
conftest.c:(.text+0xe): undefined reference to `pthread_create'
clang: error: linker command failed with exit code 1 (use -v to see invocation)
configure:12492: $? = 1
configure: failed program was:
| /* confdefs.h */
| #define PACKAGE_NAME "sqlite"
| #define PACKAGE_TARNAME "sqlite"
| #define PACKAGE_VERSION "3.7.15.1"
| #define PACKAGE_STRING "sqlite 3.7.15.1"
| #define PACKAGE_BUGREPORT "http://www.sqlite.org"
| #define PACKAGE_URL ""
| #define PACKAGE "sqlite"
| #define VERSION "3.7.15.1"
| #define STDC_HEADERS 1
| #define HAVE_SYS_TYPES_H 1
| #define HAVE_SYS_STAT_H 1
| #define HAVE_STDLIB_H 1
| #define HAVE_STRING_H 1
| #define HAVE_MEMORY_H 1
| #define HAVE_STRINGS_H 1
| #define HAVE_INTTYPES_H 1
| #define HAVE_STDINT_H 1
| #define HAVE_UNISTD_H 1
| #define HAVE_DLFCN_H 1
| #define LT_OBJDIR ".libs/"
| #define HAVE_FDATASYNC 1
| #define HAVE_USLEEP 1
| #define HAVE_LOCALTIME_R 1
| #define HAVE_GMTIME_R 1
| #define HAVE_DECL_STRERROR_R 1
| #define HAVE_STRERROR_R 1
| #define STRERROR_R_CHAR_P 1
| /* end confdefs.h.  */
| 
| /* Override any GCC internal prototype to avoid an error.
|    Use char because int might match the return type of a GCC
|    builtin and then its argument prototype would still apply.  */
| #ifdef __cplusplus
| extern "C"
| #endif
| char pthread_create ();
| int
| main ()
| {
| return pthread_create ();
|   ;
|   return 0;
| }
configure:12492: /home/additional_disk/emc/emscripten/emcc -o conftest    conftest.c -lpthread   >&5
configure:12492: $? = 0
configure:12509: result: -lpthread
configure:12532: checking for library containing dlopen
configure:12563: /home/additional_disk/emc/emscripten/emcc -o conftest    conftest.c -lpthread  >&5
/tmp/conftest-TmfmcY.o: In function `main':
conftest.c:(.text+0xe): undefined reference to `dlopen'
clang: error: linker command failed with exit code 1 (use -v to see invocation)
configure:12563: $? = 1
configure: failed program was:
| /* confdefs.h */
| #define PACKAGE_NAME "sqlite"
| #define PACKAGE_TARNAME "sqlite"
| #define PACKAGE_VERSION "3.7.15.1"
| #define PACKAGE_STRING "sqlite 3.7.15.1"
| #define PACKAGE_BUGREPORT "http://www.sqlite.org"
| #define PACKAGE_URL ""
| #define PACKAGE "sqlite"
| #define VERSION "3.7.15.1"
| #define STDC_HEADERS 1
| #define HAVE_SYS_TYPES_H 1
| #define HAVE_SYS_STAT_H 1
| #define HAVE_STDLIB_H 1
| #define HAVE_STRING_H 1
| #define HAVE_MEMORY_H 1
| #define HAVE_STRINGS_H 1
| #define HAVE_INTTYPES_H 1
| #define HAVE_STDINT_H 1
| #define HAVE_UNISTD_H 1
| #define HAVE_DLFCN_H 1
| #define LT_OBJDIR ".libs/"
| #define HAVE_FDATASYNC 1
| #define HAVE_USLEEP 1
| #define HAVE_LOCALTIME_R 1
| #define HAVE_GMTIME_R 1
| #define HAVE_DECL_STRERROR_R 1
| #define HAVE_STRERROR_R 1
| #define STRERROR_R_CHAR_P 1
| /* end confdefs.h.  */
| 
| /* Override any GCC internal prototype to avoid an error.
|    Use char because int might match the return type of a GCC
|    builtin and then its argument prototype would still apply.  */
| #ifdef __cplusplus
| extern "C"
| #endif
| char dlopen ();
| int
| main ()
| {
| return dlopen ();
|   ;
|   return 0;
| }
configure:12563: /home/additional_disk/emc/emscripten/emcc -o conftest    conftest.c -ldl  -lpthread  >&5
configure:12563: $? = 0
configure:12580: result: -ldl
configure:12591: checking for whether to support dynamic extensions
configure:12593: result: yes
configure:12600: checking for posix_fallocate
configure:12600: /home/additional_disk/emc/emscripten/emcc -o conftest    conftest.c -ldl -lpthread  >&5
configure:12600: $? = 0
configure:12600: result: yes
configure:12805: creating ./config.status

## ---------------------- ##
## Running config.status. ##
## ---------------------- ##

This file was extended by sqlite config.status 3.7.15.1, which was
generated by GNU Autoconf 2.68.  Invocation command line was

  CONFIG_FILES    = 
  CONFIG_HEADERS  = 
  CONFIG_LINKS    = 
  CONFIG_COMMANDS = 
  $ ./config.status 

on Samsung

config.status:1017: creating Makefile
config.status:1017: creating sqlite3.pc
config.status:1189: executing depfiles commands
config.status:1189: executing libtool commands

## ---------------- ##
## Cache variables. ##
## ---------------- ##

ac_cv_build=i686-pc-linux-gnu
ac_cv_c_compiler_gnu=yes
ac_cv_env_CC_set=set
ac_cv_env_CC_value=/home/additional_disk/emc/emscripten/emcc
ac_cv_env_CFLAGS_set=set
ac_cv_env_CFLAGS_value=
ac_cv_env_CPPFLAGS_set=
ac_cv_env_CPPFLAGS_value=
ac_cv_env_CPP_set=
ac_cv_env_CPP_value=
ac_cv_env_LDFLAGS_set=
ac_cv_env_LDFLAGS_value=
ac_cv_env_LIBS_set=
ac_cv_env_LIBS_value=
ac_cv_env_build_alias_set=
ac_cv_env_build_alias_value=
ac_cv_env_host_alias_set=
ac_cv_env_host_alias_value=
ac_cv_env_target_alias_set=
ac_cv_env_target_alias_value=
ac_cv_func_fdatasync=yes
ac_cv_func_fullfsync=no
ac_cv_func_gmtime_r=yes
ac_cv_func_localtime_r=yes
ac_cv_func_posix_fallocate=yes
ac_cv_func_strerror_r=yes
ac_cv_func_strerror_r_char_p=yes
ac_cv_func_usleep=yes
ac_cv_have_decl_strerror_r=yes
ac_cv_header_dlfcn_h=yes
ac_cv_header_inttypes_h=yes
ac_cv_header_memory_h=yes
ac_cv_header_stdc=yes
ac_cv_header_stdint_h=yes
ac_cv_header_stdlib_h=yes
ac_cv_header_string_h=yes
ac_cv_header_strings_h=yes
ac_cv_header_sys_stat_h=yes
ac_cv_header_sys_types_h=yes
ac_cv_header_unistd_h=yes
ac_cv_host=i686-pc-linux-gnu
ac_cv_objext=o
ac_cv_path_EGREP='/bin/grep -E'
ac_cv_path_FGREP='/bin/grep -F'
ac_cv_path_GREP=/bin/grep
ac_cv_path_SED=/bin/sed
ac_cv_path_install='/usr/bin/install -c'
ac_cv_path_mkdir=/bin/mkdir
ac_cv_prog_AWK=mawk
ac_cv_prog_CPP='/home/additional_disk/emc/emscripten/emcc -E'
ac_cv_prog_ac_ct_CC=/home/additional_disk/emc/emscripten/emcc
ac_cv_prog_ac_ct_MANIFEST_TOOL=mt
ac_cv_prog_ac_ct_OBJDUMP=objdump
ac_cv_prog_ac_ct_RANLIB=/home/additional_disk/emc/emscripten/emranlib
ac_cv_prog_ac_ct_STRIP=strip
ac_cv_prog_cc_c89=
ac_cv_prog_cc_g=yes
ac_cv_prog_make_make_set=yes
ac_cv_search_dlopen=-ldl
ac_cv_search_pthread_create=-lpthread
ac_cv_sys_file_offset_bits=unknown
ac_cv_sys_large_files=unknown
ac_cv_sys_largefile_CC=no
am_cv_CC_dependencies_compiler_type=gcc3
lt_cv_ar_at_file=no
lt_cv_archive_cmds_need_lc=no
lt_cv_deplibs_check_method=pass_all
lt_cv_file_magic_cmd='$MAGIC_CMD'
lt_cv_file_magic_test_file=
lt_cv_ld_reload_flag=-r
lt_cv_nm_interface='BSD nm'
lt_cv_objdir=.libs
lt_cv_path_LD=/home/additional_disk/emc/emscripten/emcc
lt_cv_path_NM='/usr/bin/nm -B'
lt_cv_path_mainfest_tool=no
lt_cv_prog_compiler_c_o=yes
lt_cv_prog_compiler_pic='-fPIC -DPIC'
lt_cv_prog_compiler_pic_works=yes
lt_cv_prog_compiler_rtti_exceptions=yes
lt_cv_prog_compiler_static_works=yes
lt_cv_prog_gnu_ld=yes
lt_cv_sharedlib_from_linklib_cmd='printf %s\n'
lt_cv_shlibpath_overrides_runpath=no
lt_cv_sys_global_symbol_pipe='sed -n -e '\''s/^.*[	 ]\([ABCDGIRSTW][ABCDGIRSTW]*\)[	 ][	 ]*\([_A-Za-z][_A-Za-z0-9]*\)$/\1 \2 \2/p'\'' | sed '\''/ __gnu_lto/d'\'''
lt_cv_sys_global_symbol_to_c_name_address='sed -n -e '\''s/^: \([^ ]*\)[ ]*$/  {\"\1\", (void *) 0},/p'\'' -e '\''s/^[ABCDGIRSTW]* \([^ ]*\) \([^ ]*\)$/  {"\2", (void *) \&\2},/p'\'''
lt_cv_sys_global_symbol_to_c_name_address_lib_prefix='sed -n -e '\''s/^: \([^ ]*\)[ ]*$/  {\"\1\", (void *) 0},/p'\'' -e '\''s/^[ABCDGIRSTW]* \([^ ]*\) \(lib[^ ]*\)$/  {"\2", (void *) \&\2},/p'\'' -e '\''s/^[ABCDGIRSTW]* \([^ ]*\) \([^ ]*\)$/  {"lib\2", (void *) \&\2},/p'\'''
lt_cv_sys_global_symbol_to_cdecl='sed -n -e '\''s/^T .* \(.*\)$/extern int \1();/p'\'' -e '\''s/^[ABCDGIRSTW]* .* \(.*\)$/extern char \1;/p'\'''
lt_cv_sys_max_cmd_len=1572864
lt_cv_to_host_file_cmd=func_convert_file_noop
lt_cv_to_tool_file_cmd=func_convert_file_noop

## ----------------- ##
## Output variables. ##
## ----------------- ##

ACLOCAL='${SHELL} /home/vlad/workspace/omweather.git/meecast/core/sqlite/missing --run aclocal-1.11'
AMDEPBACKSLASH='\'
AMDEP_FALSE='#'
AMDEP_TRUE=''
AMTAR='$${TAR-tar}'
AR='/home/additional_disk/emc/emscripten/emar'
AUTOCONF='${SHELL} /home/vlad/workspace/omweather.git/meecast/core/sqlite/missing --run autoconf'
AUTOHEADER='${SHELL} /home/vlad/workspace/omweather.git/meecast/core/sqlite/missing --run autoheader'
AUTOMAKE='${SHELL} /home/vlad/workspace/omweather.git/meecast/core/sqlite/missing --run automake-1.11'
AWK='mawk'
BUILD_CFLAGS=''
CC='/home/additional_disk/emc/emscripten/emcc'
CCDEPMODE='depmode=gcc3'
CFLAGS=''
CPP='/home/additional_disk/emc/emscripten/emcc -E'
CPPFLAGS=''
CYGPATH_W='echo'
DEFS='-DPACKAGE_NAME=\"sqlite\" -DPACKAGE_TARNAME=\"sqlite\" -DPACKAGE_VERSION=\"3.7.15.1\" -DPACKAGE_STRING=\"sqlite\ 3.7.15.1\" -DPACKAGE_BUGREPORT=\"http://www.sqlite.org\" -DPACKAGE_URL=\"\" -DPACKAGE=\"sqlite\" -DVERSION=\"3.7.15.1\" -DSTDC_HEADERS=1 -DHAVE_SYS_TYPES_H=1 -DHAVE_SYS_STAT_H=1 -DHAVE_STDLIB_H=1 -DHAVE_STRING_H=1 -DHAVE_MEMORY_H=1 -DHAVE_STRINGS_H=1 -DHAVE_INTTYPES_H=1 -DHAVE_STDINT_H=1 -DHAVE_UNISTD_H=1 -DHAVE_DLFCN_H=1 -DLT_OBJDIR=\".libs/\" -DHAVE_FDATASYNC=1 -DHAVE_USLEEP=1 -DHAVE_LOCALTIME_R=1 -DHAVE_GMTIME_R=1 -DHAVE_DECL_STRERROR_R=1 -DHAVE_STRERROR_R=1 -DSTRERROR_R_CHAR_P=1 -DHAVE_POSIX_FALLOCATE=1'
DEPDIR='.deps'
DLLTOOL='false'
DSYMUTIL=''
DUMPBIN=''
DYNAMIC_EXTENSION_FLAGS=''
ECHO_C=''
ECHO_N='-n'
ECHO_T=''
EGREP='/bin/grep -E'
EXEEXT=''
FGREP='/bin/grep -F'
GREP='/bin/grep'
INSTALL_DATA='${INSTALL} -m 644'
INSTALL_PROGRAM='${INSTALL}'
INSTALL_SCRIPT='${INSTALL}'
INSTALL_STRIP_PROGRAM='$(install_sh) -c -s'
LD='/home/additional_disk/emc/emscripten/emcc'
LDFLAGS=''
LIBOBJS=''
LIBS='-ldl -lpthread '
LIBTOOL='$(SHELL) $(top_builddir)/libtool'
LIPO=''
LN_S='ln -s'
LTLIBOBJS=''
MAKEINFO='${SHELL} /home/vlad/workspace/omweather.git/meecast/core/sqlite/missing --run makeinfo'
MANIFEST_TOOL=':'
MKDIR_P='/bin/mkdir -p'
NM='/usr/bin/nm -B'
NMEDIT=''
OBJDUMP='objdump'
OBJEXT='o'
OTOOL64=''
OTOOL=''
PACKAGE='sqlite'
PACKAGE_BUGREPORT='http://www.sqlite.org'
PACKAGE_NAME='sqlite'
PACKAGE_STRING='sqlite 3.7.15.1'
PACKAGE_TARNAME='sqlite'
PACKAGE_URL=''
PACKAGE_VERSION='3.7.15.1'
PATH_SEPARATOR=':'
RANLIB='/home/additional_disk/emc/emscripten/emranlib'
READLINE_LIBS=''
SED='/bin/sed'
SET_MAKE=''
SHELL='/bin/bash'
STRIP='strip'
THREADSAFE_FLAGS='-D_REENTRANT=1 -DSQLITE_THREADSAFE=1'
VERSION='3.7.15.1'
ac_ct_AR=''
ac_ct_CC='/home/additional_disk/emc/emscripten/emcc'
ac_ct_DUMPBIN=''
am__EXEEXT_FALSE=''
am__EXEEXT_TRUE='#'
am__fastdepCC_FALSE='#'
am__fastdepCC_TRUE=''
am__include='include'
am__isrc=''
am__leading_dot='.'
am__nodep='_no'
am__quote=''
am__tar='$${TAR-tar} chof - "$$tardir"'
am__untar='$${TAR-tar} xf -'
bindir='${exec_prefix}/bin'
build='i686-pc-linux-gnu'
build_alias=''
build_cpu='i686'
build_os='linux-gnu'
build_vendor='pc'
datadir='${datarootdir}'
datarootdir='${prefix}/share'
docdir='${datarootdir}/doc/${PACKAGE_TARNAME}'
dvidir='${docdir}'
exec_prefix='${prefix}'
host='i686-pc-linux-gnu'
host_alias=''
host_cpu='i686'
host_os='linux-gnu'
host_vendor='pc'
htmldir='${docdir}'
includedir='${prefix}/include'
infodir='${datarootdir}/info'
install_sh='${SHELL} /home/vlad/workspace/omweather.git/meecast/core/sqlite/install-sh'
libdir='${exec_prefix}/lib'
libexecdir='${exec_prefix}/libexec'
localedir='${datarootdir}/locale'
localstatedir='${prefix}/var'
mandir='${datarootdir}/man'
mkdir_p='/bin/mkdir -p'
oldincludedir='/usr/include'
pdfdir='${docdir}'
prefix='/usr/local'
program_transform_name='s,x,x,'
psdir='${docdir}'
sbindir='${exec_prefix}/sbin'
sharedstatedir='${prefix}/com'
sysconfdir='${prefix}/etc'
target_alias=''

## ----------- ##
## confdefs.h. ##
## ----------- ##

/* confdefs.h */
#define PACKAGE_NAME "sqlite"
#define PACKAGE_TARNAME "sqlite"
#define PACKAGE_VERSION "3.7.15.1"
#define PACKAGE_STRING "sqlite 3.7.15.1"
#define PACKAGE_BUGREPORT "http://www.sqlite.org"
#define PACKAGE_URL ""
#define PACKAGE "sqlite"
#define VERSION "3.7.15.1"
#define STDC_HEADERS 1
#define HAVE_SYS_TYPES_H 1
#define HAVE_SYS_STAT_H 1
#define HAVE_STDLIB_H 1
#define HAVE_STRING_H 1
#define HAVE_MEMORY_H 1
#define HAVE_STRINGS_H 1
#define HAVE_INTTYPES_H 1
#define HAVE_STDINT_H 1
#define HAVE_UNISTD_H 1
#define HAVE_DLFCN_H 1
#define LT_OBJDIR ".libs/"
#define HAVE_FDATASYNC 1
#define HAVE_USLEEP 1
#define HAVE_LOCALTIME_R 1
#define HAVE_GMTIME_R 1
#define HAVE_DECL_STRERROR_R 1
#define HAVE_STRERROR_R 1
#define STRERROR_R_CHAR_P 1
#define HAVE_POSIX_FALLOCATE 1

configure: exit 0
